c:\users\robert\desktop\oop\practicalexam\x64\debug\vc143.pdb
c:\users\robert\desktop\oop\practicalexam\x64\debug\qrc_practicalexam.obj
c:\users\robert\desktop\oop\practicalexam\x64\debug\main.obj
c:\users\robert\desktop\oop\practicalexam\x64\debug\repoprogrammers.obj
c:\users\robert\desktop\oop\practicalexam\x64\debug\practicalexam.obj
c:\users\robert\desktop\oop\practicalexam\x64\debug\sourcefile.obj
c:\users\robert\desktop\oop\practicalexam\x64\debug\programmer.obj
c:\users\robert\desktop\oop\practicalexam\x64\debug\sourcerepo.obj
c:\users\robert\desktop\oop\practicalexam\x64\debug\displaywindow.obj
c:\users\robert\desktop\oop\practicalexam\x64\debug\tablemodel.obj
c:\users\robert\desktop\oop\practicalexam\x64\debug\moc_displaywindow.obj
c:\users\robert\desktop\oop\practicalexam\x64\debug\moc_practicalexam.obj
c:\users\robert\desktop\oop\practicalexam\x64\debug\moc\moc_practicalexam.cpp
c:\users\robert\desktop\oop\practicalexam\x64\debug\moc\moc_displaywindow.cpp
c:\users\robert\desktop\oop\practicalexam\x64\debug\uic\ui_displaywindow.h
c:\users\robert\desktop\oop\practicalexam\x64\debug\uic\ui_practicalexam.h
c:\users\robert\desktop\oop\practicalexam\x64\debug\rcc\qrc_practicalexam.cpp
c:\users\robert\desktop\oop\practicalexam\x64\debug\practicalexam.pdb
c:\users\robert\desktop\oop\practicalexam\x64\debug\practicalexam.tlog\cl.command.1.tlog
c:\users\robert\desktop\oop\practicalexam\x64\debug\practicalexam.tlog\cl.read.1.tlog
c:\users\robert\desktop\oop\practicalexam\x64\debug\practicalexam.tlog\cl.write.1.tlog
c:\users\robert\desktop\oop\practicalexam\x64\debug\practicalexam.tlog\link-cvtres.read.1.tlog
c:\users\robert\desktop\oop\practicalexam\x64\debug\practicalexam.tlog\link-cvtres.write.1.tlog
c:\users\robert\desktop\oop\practicalexam\x64\debug\practicalexam.tlog\link-rc.read.1.tlog
c:\users\robert\desktop\oop\practicalexam\x64\debug\practicalexam.tlog\link-rc.write.1.tlog
c:\users\robert\desktop\oop\practicalexam\x64\debug\practicalexam.tlog\link.command.1.tlog
c:\users\robert\desktop\oop\practicalexam\x64\debug\practicalexam.tlog\link.read.1.tlog
c:\users\robert\desktop\oop\practicalexam\x64\debug\practicalexam.tlog\link.read.2.tlog
c:\users\robert\desktop\oop\practicalexam\x64\debug\practicalexam.tlog\link.write.1.tlog
c:\users\robert\desktop\oop\practicalexam\x64\debug\practicalexam.tlog\moc.read.1u.tlog
c:\users\robert\desktop\oop\practicalexam\x64\debug\practicalexam.tlog\moc.write.1u.tlog
c:\users\robert\desktop\oop\practicalexam\x64\debug\practicalexam.tlog\practicalexam.write.1u.tlog
c:\users\robert\desktop\oop\practicalexam\x64\debug\practicalexam.tlog\rcc.read.1u.tlog
c:\users\robert\desktop\oop\practicalexam\x64\debug\practicalexam.tlog\rcc.write.1u.tlog
c:\users\robert\desktop\oop\practicalexam\x64\debug\practicalexam.tlog\uic.read.1u.tlog
c:\users\robert\desktop\oop\practicalexam\x64\debug\practicalexam.tlog\uic.write.1u.tlog
